
*** Running vivado
    with args -log StreamCopIPCore_v1_0.vds -m64 -product Vivado -mode batch -messageDb vivado.pb -notrace -source StreamCopIPCore_v1_0.tcl


****** Vivado v2017.4 (64-bit)
  **** SW Build 2086221 on Fri Dec 15 20:54:30 MST 2017
  **** IP Build 2085800 on Fri Dec 15 22:25:07 MST 2017
    ** Copyright 1986-2017 Xilinx, Inc. All Rights Reserved.

source StreamCopIPCore_v1_0.tcl -notrace
Command: synth_design -top StreamCopIPCore_v1_0 -part xc7a100tcsg324-1
Starting synth_design
Attempting to get a license for feature 'Synthesis' and/or device 'xc7a100t'
INFO: [Common 17-349] Got license for feature 'Synthesis' and/or device 'xc7a100t'
INFO: Launching helper process for spawning children vivado processes
INFO: Helper process launched with PID 23857 
---------------------------------------------------------------------------------
Starting Synthesize : Time (s): cpu = 00:00:11 ; elapsed = 00:00:11 . Memory (MB): peak = 1277.391 ; gain = 78.996 ; free physical = 818 ; free virtual = 10587
---------------------------------------------------------------------------------
INFO: [Synth 8-638] synthesizing module 'StreamCopIPCore_v1_0' [/home/david/Documents/CR-Project/ip_repo/ComputeNewCentroids_1.0/hdl/ComputeNewCentroids_v1_0.vhd:49]
	Parameter NUM_FEATURES bound to: 2 - type: integer 
	Parameter NUM_CENTROIDS bound to: 4 - type: integer 
	Parameter NUM_PARALLEL bound to: 16 - type: integer 
	Parameter C_M00_AXIS_TDATA_WIDTH bound to: 32 - type: integer 
	Parameter C_M00_AXIS_START_COUNT bound to: 32 - type: integer 
	Parameter C_S00_AXIS_TDATA_WIDTH bound to: 32 - type: integer 
	Parameter C_S_AXIS_TDATA_WIDTH bound to: 32 - type: integer 
	Parameter NUM_FEATURES bound to: 2 - type: integer 
	Parameter NUM_CENTROIDS bound to: 4 - type: integer 
	Parameter NUM_PARALLEL bound to: 16 - type: integer 
INFO: [Synth 8-3491] module 'StreamCopIPCore_v1_0_S00_AXIS' declared at '/home/david/Documents/CR-Project/ip_repo/ComputeNewCentroids_1.0/hdl/ComputeNewCentroids_v1_0_S00_AXIS.vhd:8' bound to instance 'StreamCopIPCore_v1_0_S00_AXIS_inst' of component 'StreamCopIPCore_v1_0_S00_AXIS' [/home/david/Documents/CR-Project/ip_repo/ComputeNewCentroids_1.0/hdl/ComputeNewCentroids_v1_0.vhd:111]
INFO: [Synth 8-638] synthesizing module 'StreamCopIPCore_v1_0_S00_AXIS' [/home/david/Documents/CR-Project/ip_repo/ComputeNewCentroids_1.0/hdl/ComputeNewCentroids_v1_0_S00_AXIS.vhd:46]
	Parameter NUM_FEATURES bound to: 2 - type: integer 
	Parameter NUM_CENTROIDS bound to: 4 - type: integer 
	Parameter NUM_PARALLEL bound to: 16 - type: integer 
	Parameter C_S_AXIS_TDATA_WIDTH bound to: 32 - type: integer 
INFO: [Synth 8-256] done synthesizing module 'StreamCopIPCore_v1_0_S00_AXIS' (1#1) [/home/david/Documents/CR-Project/ip_repo/ComputeNewCentroids_1.0/hdl/ComputeNewCentroids_v1_0_S00_AXIS.vhd:46]
	Parameter C_M_AXIS_TDATA_WIDTH bound to: 32 - type: integer 
	Parameter C_M_START_COUNT bound to: 32 - type: integer 
	Parameter NUM_FEATURES bound to: 2 - type: integer 
	Parameter NUM_CENTROIDS bound to: 4 - type: integer 
	Parameter NUM_PARALLEL bound to: 32 - type: integer 
INFO: [Synth 8-3491] module 'StreamCopIPCore_v1_0_M00_AXIS' declared at '/home/david/Documents/CR-Project/ip_repo/ComputeNewCentroids_1.0/hdl/ComputeNewCentroids_v1_0_M00_AXIS.vhd:5' bound to instance 'StreamCopIPCore_v1_0_M00_AXIS_inst' of component 'StreamCopIPCore_v1_0_M00_AXIS' [/home/david/Documents/CR-Project/ip_repo/ComputeNewCentroids_1.0/hdl/ComputeNewCentroids_v1_0.vhd:133]
INFO: [Synth 8-638] synthesizing module 'StreamCopIPCore_v1_0_M00_AXIS' [/home/david/Documents/CR-Project/ip_repo/ComputeNewCentroids_1.0/hdl/ComputeNewCentroids_v1_0_M00_AXIS.vhd:44]
	Parameter NUM_FEATURES bound to: 2 - type: integer 
	Parameter NUM_CENTROIDS bound to: 4 - type: integer 
	Parameter NUM_PARALLEL bound to: 32 - type: integer 
	Parameter C_M_AXIS_TDATA_WIDTH bound to: 32 - type: integer 
	Parameter C_M_START_COUNT bound to: 32 - type: integer 
INFO: [Synth 8-256] done synthesizing module 'StreamCopIPCore_v1_0_M00_AXIS' (2#1) [/home/david/Documents/CR-Project/ip_repo/ComputeNewCentroids_1.0/hdl/ComputeNewCentroids_v1_0_M00_AXIS.vhd:44]
INFO: [Synth 8-638] synthesizing module 'TopLevel' [/home/david/Documents/CR-Project/ip_repo/edit_ComputeNewCentroids_v1_0.srcs/sources_1/imports/new/TopLevel.vhd:56]
	Parameter NUM_FEATURES bound to: 2 - type: integer 
	Parameter NUM_CENTROIDS bound to: 4 - type: integer 
	Parameter NUM_PARALLEL bound to: 16 - type: integer 
INFO: [Synth 8-638] synthesizing module 'PickCentroid' [/home/david/Documents/CR-Project/ip_repo/edit_ComputeNewCentroids_v1_0.srcs/sources_1/imports/new/PickCentroid.vhd:20]
	Parameter NUM_FEATURES bound to: 2 - type: integer 
	Parameter NUM_CENTROIDS bound to: 4 - type: integer 
INFO: [Synth 8-638] synthesizing module 'EuclideanDistance' [/home/david/Documents/CR-Project/ip_repo/edit_ComputeNewCentroids_v1_0.srcs/sources_1/imports/new/EuclideanDistance.vhd:18]
	Parameter NUM_FEATURES bound to: 2 - type: integer 
INFO: [Synth 8-256] done synthesizing module 'EuclideanDistance' (3#1) [/home/david/Documents/CR-Project/ip_repo/edit_ComputeNewCentroids_v1_0.srcs/sources_1/imports/new/EuclideanDistance.vhd:18]
INFO: [Synth 8-638] synthesizing module 'PickSmallest' [/home/david/Documents/CR-Project/ip_repo/edit_ComputeNewCentroids_v1_0.srcs/sources_1/imports/new/PickSmallest.vhd:18]
	Parameter NUM_CENTROIDS bound to: 4 - type: integer 
INFO: [Synth 8-256] done synthesizing module 'PickSmallest' (4#1) [/home/david/Documents/CR-Project/ip_repo/edit_ComputeNewCentroids_v1_0.srcs/sources_1/imports/new/PickSmallest.vhd:18]
INFO: [Synth 8-256] done synthesizing module 'PickCentroid' (5#1) [/home/david/Documents/CR-Project/ip_repo/edit_ComputeNewCentroids_v1_0.srcs/sources_1/imports/new/PickCentroid.vhd:20]
INFO: [Synth 8-638] synthesizing module 'demux' [/home/david/Documents/CR-Project/ip_repo/edit_ComputeNewCentroids_v1_0.srcs/sources_1/imports/new/demux.vhd:15]
	Parameter NUM_CENTROIDS bound to: 4 - type: integer 
INFO: [Synth 8-256] done synthesizing module 'demux' (6#1) [/home/david/Documents/CR-Project/ip_repo/edit_ComputeNewCentroids_v1_0.srcs/sources_1/imports/new/demux.vhd:15]
INFO: [Synth 8-638] synthesizing module 'Buffer_imp' [/home/david/Documents/CR-Project/ip_repo/edit_ComputeNewCentroids_v1_0.srcs/sources_1/imports/new/Buffer.vhd:21]
	Parameter NUM_FEATURES bound to: 2 - type: integer 
	Parameter NUM_PARALLEL bound to: 16 - type: integer 
INFO: [Synth 8-256] done synthesizing module 'Buffer_imp' (7#1) [/home/david/Documents/CR-Project/ip_repo/edit_ComputeNewCentroids_v1_0.srcs/sources_1/imports/new/Buffer.vhd:21]
INFO: [Synth 8-638] synthesizing module 'ParallelSum' [/home/david/Documents/CR-Project/ip_repo/edit_ComputeNewCentroids_v1_0.srcs/sources_1/imports/new/ParallelSum.vhd:22]
	Parameter NUM_FEATURES bound to: 2 - type: integer 
	Parameter NUM_PARALLEL bound to: 16 - type: integer 
INFO: [Synth 8-256] done synthesizing module 'ParallelSum' (8#1) [/home/david/Documents/CR-Project/ip_repo/edit_ComputeNewCentroids_v1_0.srcs/sources_1/imports/new/ParallelSum.vhd:22]
INFO: [Synth 8-256] done synthesizing module 'TopLevel' (9#1) [/home/david/Documents/CR-Project/ip_repo/edit_ComputeNewCentroids_v1_0.srcs/sources_1/imports/new/TopLevel.vhd:56]
INFO: [Synth 8-256] done synthesizing module 'StreamCopIPCore_v1_0' (10#1) [/home/david/Documents/CR-Project/ip_repo/ComputeNewCentroids_1.0/hdl/ComputeNewCentroids_v1_0.vhd:49]
WARNING: [Synth 8-3331] design StreamCopIPCore_v1_0_M00_AXIS has unconnected port enable
WARNING: [Synth 8-3331] design StreamCopIPCore_v1_0_S00_AXIS has unconnected port S_AXIS_TSTRB[3]
WARNING: [Synth 8-3331] design StreamCopIPCore_v1_0_S00_AXIS has unconnected port S_AXIS_TSTRB[2]
WARNING: [Synth 8-3331] design StreamCopIPCore_v1_0_S00_AXIS has unconnected port S_AXIS_TSTRB[1]
WARNING: [Synth 8-3331] design StreamCopIPCore_v1_0_S00_AXIS has unconnected port S_AXIS_TSTRB[0]
WARNING: [Synth 8-3331] design StreamCopIPCore_v1_0_S00_AXIS has unconnected port S_AXIS_TLAST
---------------------------------------------------------------------------------
Finished Synthesize : Time (s): cpu = 00:00:12 ; elapsed = 00:00:13 . Memory (MB): peak = 1330.922 ; gain = 132.527 ; free physical = 713 ; free virtual = 10483
---------------------------------------------------------------------------------
---------------------------------------------------------------------------------
Finished Constraint Validation : Time (s): cpu = 00:00:12 ; elapsed = 00:00:13 . Memory (MB): peak = 1330.922 ; gain = 132.527 ; free physical = 698 ; free virtual = 10468
---------------------------------------------------------------------------------
---------------------------------------------------------------------------------
Start Loading Part and Timing Information
---------------------------------------------------------------------------------
Loading part: xc7a100tcsg324-1
---------------------------------------------------------------------------------
Finished Loading Part and Timing Information : Time (s): cpu = 00:00:12 ; elapsed = 00:00:13 . Memory (MB): peak = 1338.926 ; gain = 140.531 ; free physical = 698 ; free virtual = 10468
---------------------------------------------------------------------------------
INFO: [Device 21-403] Loading part xc7a100tcsg324-1
WARNING: [Synth 8-6014] Unused sequential element i_reg was removed.  [/home/david/Documents/CR-Project/ip_repo/ComputeNewCentroids_1.0/hdl/ComputeNewCentroids_v1_0_S00_AXIS.vhd:67]
WARNING: [Synth 8-6014] Unused sequential element j_reg was removed.  [/home/david/Documents/CR-Project/ip_repo/ComputeNewCentroids_1.0/hdl/ComputeNewCentroids_v1_0_S00_AXIS.vhd:68]
WARNING: [Synth 8-6014] Unused sequential element s_count_reg was removed.  [/home/david/Documents/CR-Project/ip_repo/ComputeNewCentroids_1.0/hdl/ComputeNewCentroids_v1_0_M00_AXIS.vhd:58]
INFO: [Synth 8-5545] ROM "enable" won't be mapped to RAM because address size (32) is larger than maximum supported(25)
INFO: [Synth 8-5545] ROM "enable" won't be mapped to RAM because address size (32) is larger than maximum supported(25)
INFO: [Synth 8-5545] ROM "enable" won't be mapped to RAM because address size (32) is larger than maximum supported(25)
INFO: [Synth 8-5545] ROM "enable" won't be mapped to RAM because address size (32) is larger than maximum supported(25)
---------------------------------------------------------------------------------
Finished RTL Optimization Phase 2 : Time (s): cpu = 00:00:40 ; elapsed = 00:00:34 . Memory (MB): peak = 1437.738 ; gain = 239.344 ; free physical = 899 ; free virtual = 10672
---------------------------------------------------------------------------------

Report RTL Partitions: 
+------+--------------------------+------------+----------+
|      |RTL Partition             |Replication |Instances |
+------+--------------------------+------------+----------+
|1     |PickCentroid              |          16|      6638|
|2     |ParallelSum__GBM0         |           1|     14345|
|3     |ParallelSum__GBM1         |           1|     11531|
|4     |TopLevel__GC0             |           1|      6978|
|5     |StreamCopIPCore_v1_0__GC0 |           1|     29935|
+------+--------------------------+------------+----------+
No constraint files found.
---------------------------------------------------------------------------------
Start RTL Component Statistics 
---------------------------------------------------------------------------------
Detailed RTL Component Info : 
+---Adders : 
	   3 Input     32 Bit       Adders := 192   
	   2 Input     32 Bit       Adders := 299   
	  16 Input     32 Bit       Adders := 8     
	   2 Input     31 Bit       Adders := 16    
	   2 Input      9 Bit       Adders := 1     
+---Registers : 
	             1024 Bit    Registers := 1     
	              256 Bit    Registers := 1     
	               32 Bit    Registers := 185   
	               16 Bit    Registers := 1     
	                1 Bit    Registers := 11    
+---Muxes : 
	   2 Input   1024 Bit        Muxes := 3     
	   2 Input    256 Bit        Muxes := 2     
	   4 Input     32 Bit        Muxes := 64    
	   2 Input     32 Bit        Muxes := 457   
	   2 Input     31 Bit        Muxes := 16    
	   2 Input     16 Bit        Muxes := 3     
	   2 Input      4 Bit        Muxes := 16    
	   2 Input      1 Bit        Muxes := 80    
---------------------------------------------------------------------------------
Finished RTL Component Statistics 
---------------------------------------------------------------------------------
---------------------------------------------------------------------------------
Start RTL Hierarchical Component Statistics 
---------------------------------------------------------------------------------
Hierarchical RTL Component report 
Module PickSmallest 
Detailed RTL Component Info : 
+---Registers : 
	               32 Bit    Registers := 2     
+---Muxes : 
	   4 Input     32 Bit        Muxes := 4     
	   2 Input     32 Bit        Muxes := 10    
	   2 Input      1 Bit        Muxes := 1     
Module EuclideanDistance__1 
Detailed RTL Component Info : 
+---Adders : 
	   3 Input     32 Bit       Adders := 3     
	   2 Input     32 Bit       Adders := 2     
+---Registers : 
	               32 Bit    Registers := 1     
+---Muxes : 
	   2 Input     32 Bit        Muxes := 2     
Module EuclideanDistance__2 
Detailed RTL Component Info : 
+---Adders : 
	   3 Input     32 Bit       Adders := 3     
	   2 Input     32 Bit       Adders := 2     
+---Registers : 
	               32 Bit    Registers := 1     
+---Muxes : 
	   2 Input     32 Bit        Muxes := 2     
Module EuclideanDistance__3 
Detailed RTL Component Info : 
+---Adders : 
	   3 Input     32 Bit       Adders := 3     
	   2 Input     32 Bit       Adders := 2     
+---Registers : 
	               32 Bit    Registers := 1     
+---Muxes : 
	   2 Input     32 Bit        Muxes := 2     
Module EuclideanDistance 
Detailed RTL Component Info : 
+---Adders : 
	   3 Input     32 Bit       Adders := 3     
	   2 Input     32 Bit       Adders := 2     
+---Registers : 
	               32 Bit    Registers := 1     
+---Muxes : 
	   2 Input     32 Bit        Muxes := 2     
Module ParallelSum 
Detailed RTL Component Info : 
+---Adders : 
	  16 Input     32 Bit       Adders := 2     
	   2 Input     32 Bit       Adders := 42    
	   2 Input     31 Bit       Adders := 4     
+---Registers : 
	               32 Bit    Registers := 6     
	                1 Bit    Registers := 2     
+---Muxes : 
	   2 Input     32 Bit        Muxes := 42    
	   2 Input     31 Bit        Muxes := 4     
Module Buffer_imp__1 
Detailed RTL Component Info : 
+---Registers : 
	               32 Bit    Registers := 32    
	                1 Bit    Registers := 1     
Module Buffer_imp 
Detailed RTL Component Info : 
+---Registers : 
	               32 Bit    Registers := 32    
	                1 Bit    Registers := 1     
Module demux__1 
Detailed RTL Component Info : 
+---Muxes : 
	   2 Input      4 Bit        Muxes := 1     
	   2 Input      1 Bit        Muxes := 4     
Module demux__2 
Detailed RTL Component Info : 
+---Muxes : 
	   2 Input      4 Bit        Muxes := 1     
	   2 Input      1 Bit        Muxes := 4     
Module demux__3 
Detailed RTL Component Info : 
+---Muxes : 
	   2 Input      4 Bit        Muxes := 1     
	   2 Input      1 Bit        Muxes := 4     
Module demux__4 
Detailed RTL Component Info : 
+---Muxes : 
	   2 Input      4 Bit        Muxes := 1     
	   2 Input      1 Bit        Muxes := 4     
Module demux__5 
Detailed RTL Component Info : 
+---Muxes : 
	   2 Input      4 Bit        Muxes := 1     
	   2 Input      1 Bit        Muxes := 4     
Module demux__6 
Detailed RTL Component Info : 
+---Muxes : 
	   2 Input      4 Bit        Muxes := 1     
	   2 Input      1 Bit        Muxes := 4     
Module demux__7 
Detailed RTL Component Info : 
+---Muxes : 
	   2 Input      4 Bit        Muxes := 1     
	   2 Input      1 Bit        Muxes := 4     
Module demux__8 
Detailed RTL Component Info : 
+---Muxes : 
	   2 Input      4 Bit        Muxes := 1     
	   2 Input      1 Bit        Muxes := 4     
Module demux__9 
Detailed RTL Component Info : 
+---Muxes : 
	   2 Input      4 Bit        Muxes := 1     
	   2 Input      1 Bit        Muxes := 4     
Module demux__10 
Detailed RTL Component Info : 
+---Muxes : 
	   2 Input      4 Bit        Muxes := 1     
	   2 Input      1 Bit        Muxes := 4     
Module demux__11 
Detailed RTL Component Info : 
+---Muxes : 
	   2 Input      4 Bit        Muxes := 1     
	   2 Input      1 Bit        Muxes := 4     
Module demux__12 
Detailed RTL Component Info : 
+---Muxes : 
	   2 Input      4 Bit        Muxes := 1     
	   2 Input      1 Bit        Muxes := 4     
Module demux__13 
Detailed RTL Component Info : 
+---Muxes : 
	   2 Input      4 Bit        Muxes := 1     
	   2 Input      1 Bit        Muxes := 4     
Module demux__14 
Detailed RTL Component Info : 
+---Muxes : 
	   2 Input      4 Bit        Muxes := 1     
	   2 Input      1 Bit        Muxes := 4     
Module demux__15 
Detailed RTL Component Info : 
+---Muxes : 
	   2 Input      4 Bit        Muxes := 1     
	   2 Input      1 Bit        Muxes := 4     
Module demux 
Detailed RTL Component Info : 
+---Muxes : 
	   2 Input      4 Bit        Muxes := 1     
	   2 Input      1 Bit        Muxes := 4     
Module StreamCopIPCore_v1_0_S00_AXIS 
Detailed RTL Component Info : 
+---Adders : 
	   2 Input     32 Bit       Adders := 2     
+---Registers : 
	             1024 Bit    Registers := 1     
	              256 Bit    Registers := 1     
	               16 Bit    Registers := 1     
	                1 Bit    Registers := 1     
+---Muxes : 
	   2 Input   1024 Bit        Muxes := 3     
	   2 Input    256 Bit        Muxes := 2     
	   2 Input     16 Bit        Muxes := 3     
Module StreamCopIPCore_v1_0_M00_AXIS 
Detailed RTL Component Info : 
+---Adders : 
	   2 Input     32 Bit       Adders := 1     
	   2 Input      9 Bit       Adders := 1     
+---Registers : 
	               32 Bit    Registers := 1     
+---Muxes : 
	   2 Input     32 Bit        Muxes := 1     
---------------------------------------------------------------------------------
Finished RTL Hierarchical Component Statistics
---------------------------------------------------------------------------------
---------------------------------------------------------------------------------
Start Part Resource Summary
---------------------------------------------------------------------------------
Part Resources:
DSPs: 240 (col length:80)
BRAMs: 270 (col length: RAMB18 80 RAMB36 40)
---------------------------------------------------------------------------------
Finished Part Resource Summary
---------------------------------------------------------------------------------
No constraint files found.
---------------------------------------------------------------------------------
Start Cross Boundary and Area Optimization
---------------------------------------------------------------------------------
INFO: [Synth 8-5545] ROM "pick_centroid_demux_gen[0].demux_x/enable" won't be mapped to RAM because address size (32) is larger than maximum supported(25)
INFO: [Synth 8-5545] ROM "pick_centroid_demux_gen[0].demux_x/enable" won't be mapped to RAM because address size (32) is larger than maximum supported(25)
INFO: [Synth 8-5545] ROM "pick_centroid_demux_gen[0].demux_x/enable" won't be mapped to RAM because address size (32) is larger than maximum supported(25)
INFO: [Synth 8-5545] ROM "pick_centroid_demux_gen[0].demux_x/enable" won't be mapped to RAM because address size (32) is larger than maximum supported(25)
INFO: [Synth 8-5545] ROM "pick_centroid_demux_gen[1].demux_x/enable" won't be mapped to RAM because address size (32) is larger than maximum supported(25)
INFO: [Synth 8-5545] ROM "pick_centroid_demux_gen[1].demux_x/enable" won't be mapped to RAM because address size (32) is larger than maximum supported(25)
INFO: [Synth 8-5545] ROM "pick_centroid_demux_gen[1].demux_x/enable" won't be mapped to RAM because address size (32) is larger than maximum supported(25)
INFO: [Synth 8-5545] ROM "pick_centroid_demux_gen[1].demux_x/enable" won't be mapped to RAM because address size (32) is larger than maximum supported(25)
INFO: [Synth 8-5545] ROM "pick_centroid_demux_gen[2].demux_x/enable" won't be mapped to RAM because address size (32) is larger than maximum supported(25)
INFO: [Synth 8-5545] ROM "pick_centroid_demux_gen[2].demux_x/enable" won't be mapped to RAM because address size (32) is larger than maximum supported(25)
INFO: [Synth 8-5545] ROM "pick_centroid_demux_gen[2].demux_x/enable" won't be mapped to RAM because address size (32) is larger than maximum supported(25)
INFO: [Synth 8-5545] ROM "pick_centroid_demux_gen[2].demux_x/enable" won't be mapped to RAM because address size (32) is larger than maximum supported(25)
INFO: [Synth 8-5545] ROM "pick_centroid_demux_gen[3].demux_x/enable" won't be mapped to RAM because address size (32) is larger than maximum supported(25)
INFO: [Synth 8-5545] ROM "pick_centroid_demux_gen[3].demux_x/enable" won't be mapped to RAM because address size (32) is larger than maximum supported(25)
INFO: [Synth 8-5545] ROM "pick_centroid_demux_gen[3].demux_x/enable" won't be mapped to RAM because address size (32) is larger than maximum supported(25)
INFO: [Synth 8-5545] ROM "pick_centroid_demux_gen[3].demux_x/enable" won't be mapped to RAM because address size (32) is larger than maximum supported(25)
INFO: [Synth 8-5545] ROM "pick_centroid_demux_gen[4].demux_x/enable" won't be mapped to RAM because address size (32) is larger than maximum supported(25)
INFO: [Synth 8-5545] ROM "pick_centroid_demux_gen[4].demux_x/enable" won't be mapped to RAM because address size (32) is larger than maximum supported(25)
INFO: [Synth 8-5545] ROM "pick_centroid_demux_gen[4].demux_x/enable" won't be mapped to RAM because address size (32) is larger than maximum supported(25)
INFO: [Synth 8-5545] ROM "pick_centroid_demux_gen[4].demux_x/enable" won't be mapped to RAM because address size (32) is larger than maximum supported(25)
INFO: [Synth 8-5545] ROM "pick_centroid_demux_gen[5].demux_x/enable" won't be mapped to RAM because address size (32) is larger than maximum supported(25)
INFO: [Synth 8-5545] ROM "pick_centroid_demux_gen[5].demux_x/enable" won't be mapped to RAM because address size (32) is larger than maximum supported(25)
INFO: [Synth 8-5545] ROM "pick_centroid_demux_gen[5].demux_x/enable" won't be mapped to RAM because address size (32) is larger than maximum supported(25)
INFO: [Synth 8-5545] ROM "pick_centroid_demux_gen[5].demux_x/enable" won't be mapped to RAM because address size (32) is larger than maximum supported(25)
INFO: [Synth 8-5545] ROM "pick_centroid_demux_gen[6].demux_x/enable" won't be mapped to RAM because address size (32) is larger than maximum supported(25)
INFO: [Synth 8-5545] ROM "pick_centroid_demux_gen[6].demux_x/enable" won't be mapped to RAM because address size (32) is larger than maximum supported(25)
INFO: [Synth 8-5545] ROM "pick_centroid_demux_gen[6].demux_x/enable" won't be mapped to RAM because address size (32) is larger than maximum supported(25)
INFO: [Synth 8-5545] ROM "pick_centroid_demux_gen[6].demux_x/enable" won't be mapped to RAM because address size (32) is larger than maximum supported(25)
INFO: [Synth 8-5545] ROM "pick_centroid_demux_gen[7].demux_x/enable" won't be mapped to RAM because address size (32) is larger than maximum supported(25)
INFO: [Synth 8-5545] ROM "pick_centroid_demux_gen[7].demux_x/enable" won't be mapped to RAM because address size (32) is larger than maximum supported(25)
INFO: [Synth 8-5545] ROM "pick_centroid_demux_gen[7].demux_x/enable" won't be mapped to RAM because address size (32) is larger than maximum supported(25)
INFO: [Synth 8-5545] ROM "pick_centroid_demux_gen[7].demux_x/enable" won't be mapped to RAM because address size (32) is larger than maximum supported(25)
INFO: [Synth 8-5545] ROM "pick_centroid_demux_gen[8].demux_x/enable" won't be mapped to RAM because address size (32) is larger than maximum supported(25)
INFO: [Synth 8-5545] ROM "pick_centroid_demux_gen[8].demux_x/enable" won't be mapped to RAM because address size (32) is larger than maximum supported(25)
INFO: [Synth 8-5545] ROM "pick_centroid_demux_gen[8].demux_x/enable" won't be mapped to RAM because address size (32) is larger than maximum supported(25)
INFO: [Synth 8-5545] ROM "pick_centroid_demux_gen[8].demux_x/enable" won't be mapped to RAM because address size (32) is larger than maximum supported(25)
INFO: [Synth 8-5545] ROM "pick_centroid_demux_gen[9].demux_x/enable" won't be mapped to RAM because address size (32) is larger than maximum supported(25)
INFO: [Synth 8-5545] ROM "pick_centroid_demux_gen[9].demux_x/enable" won't be mapped to RAM because address size (32) is larger than maximum supported(25)
INFO: [Synth 8-5545] ROM "pick_centroid_demux_gen[9].demux_x/enable" won't be mapped to RAM because address size (32) is larger than maximum supported(25)
INFO: [Synth 8-5545] ROM "pick_centroid_demux_gen[9].demux_x/enable" won't be mapped to RAM because address size (32) is larger than maximum supported(25)
INFO: [Synth 8-5545] ROM "pick_centroid_demux_gen[10].demux_x/enable" won't be mapped to RAM because address size (32) is larger than maximum supported(25)
INFO: [Synth 8-5545] ROM "pick_centroid_demux_gen[10].demux_x/enable" won't be mapped to RAM because address size (32) is larger than maximum supported(25)
INFO: [Synth 8-5545] ROM "pick_centroid_demux_gen[10].demux_x/enable" won't be mapped to RAM because address size (32) is larger than maximum supported(25)
INFO: [Synth 8-5545] ROM "pick_centroid_demux_gen[10].demux_x/enable" won't be mapped to RAM because address size (32) is larger than maximum supported(25)
INFO: [Synth 8-5545] ROM "pick_centroid_demux_gen[11].demux_x/enable" won't be mapped to RAM because address size (32) is larger than maximum supported(25)
INFO: [Synth 8-5545] ROM "pick_centroid_demux_gen[11].demux_x/enable" won't be mapped to RAM because address size (32) is larger than maximum supported(25)
INFO: [Synth 8-5545] ROM "pick_centroid_demux_gen[11].demux_x/enable" won't be mapped to RAM because address size (32) is larger than maximum supported(25)
INFO: [Synth 8-5545] ROM "pick_centroid_demux_gen[11].demux_x/enable" won't be mapped to RAM because address size (32) is larger than maximum supported(25)
INFO: [Synth 8-5545] ROM "pick_centroid_demux_gen[12].demux_x/enable" won't be mapped to RAM because address size (32) is larger than maximum supported(25)
INFO: [Synth 8-5545] ROM "pick_centroid_demux_gen[12].demux_x/enable" won't be mapped to RAM because address size (32) is larger than maximum supported(25)
INFO: [Synth 8-5545] ROM "pick_centroid_demux_gen[12].demux_x/enable" won't be mapped to RAM because address size (32) is larger than maximum supported(25)
INFO: [Synth 8-5545] ROM "pick_centroid_demux_gen[12].demux_x/enable" won't be mapped to RAM because address size (32) is larger than maximum supported(25)
INFO: [Synth 8-5545] ROM "pick_centroid_demux_gen[13].demux_x/enable" won't be mapped to RAM because address size (32) is larger than maximum supported(25)
INFO: [Synth 8-5545] ROM "pick_centroid_demux_gen[13].demux_x/enable" won't be mapped to RAM because address size (32) is larger than maximum supported(25)
INFO: [Synth 8-5545] ROM "pick_centroid_demux_gen[13].demux_x/enable" won't be mapped to RAM because address size (32) is larger than maximum supported(25)
INFO: [Synth 8-5545] ROM "pick_centroid_demux_gen[13].demux_x/enable" won't be mapped to RAM because address size (32) is larger than maximum supported(25)
INFO: [Synth 8-5545] ROM "pick_centroid_demux_gen[14].demux_x/enable" won't be mapped to RAM because address size (32) is larger than maximum supported(25)
INFO: [Synth 8-5545] ROM "pick_centroid_demux_gen[14].demux_x/enable" won't be mapped to RAM because address size (32) is larger than maximum supported(25)
INFO: [Synth 8-5545] ROM "pick_centroid_demux_gen[14].demux_x/enable" won't be mapped to RAM because address size (32) is larger than maximum supported(25)
INFO: [Synth 8-5545] ROM "pick_centroid_demux_gen[14].demux_x/enable" won't be mapped to RAM because address size (32) is larger than maximum supported(25)
INFO: [Synth 8-5545] ROM "pick_centroid_demux_gen[15].demux_x/enable" won't be mapped to RAM because address size (32) is larger than maximum supported(25)
INFO: [Synth 8-5545] ROM "pick_centroid_demux_gen[15].demux_x/enable" won't be mapped to RAM because address size (32) is larger than maximum supported(25)
INFO: [Synth 8-5545] ROM "pick_centroid_demux_gen[15].demux_x/enable" won't be mapped to RAM because address size (32) is larger than maximum supported(25)
INFO: [Synth 8-5545] ROM "pick_centroid_demux_gen[15].demux_x/enable" won't be mapped to RAM because address size (32) is larger than maximum supported(25)
WARNING: [Synth 8-6014] Unused sequential element i_reg was removed.  [/home/david/Documents/CR-Project/ip_repo/ComputeNewCentroids_1.0/hdl/ComputeNewCentroids_v1_0_S00_AXIS.vhd:67]
WARNING: [Synth 8-6014] Unused sequential element j_reg was removed.  [/home/david/Documents/CR-Project/ip_repo/ComputeNewCentroids_1.0/hdl/ComputeNewCentroids_v1_0_S00_AXIS.vhd:68]
WARNING: [Synth 8-6014] Unused sequential element s_count_reg was removed.  [/home/david/Documents/CR-Project/ip_repo/ComputeNewCentroids_1.0/hdl/ComputeNewCentroids_v1_0_M00_AXIS.vhd:58]
INFO: [Synth 8-3333] propagating constant 0 across sequential element (StreamCopIPCore_v1_0_S00_AXIS_inst/s_validOut_reg)
WARNING: [Synth 8-3332] Sequential element (s_validOut_reg) is unused and will be removed from module StreamCopIPCore_v1_0_S00_AXIS.
INFO: [Synth 8-3333] propagating constant 0 across sequential element (ParallelSum__GBM0:/\SumGen[0].s_count_reg[0] )
INFO: [Synth 8-3333] propagating constant 0 across sequential element (ParallelSum__GBM0:/\SumGen[0].s_count_reg[1] )
INFO: [Synth 8-3333] propagating constant 0 across sequential element (ParallelSum__GBM0:/\SumGen[0].s_count_reg[2] )
INFO: [Synth 8-3333] propagating constant 0 across sequential element (ParallelSum__GBM0:/\SumGen[0].s_count_reg[3] )
INFO: [Synth 8-3333] propagating constant 0 across sequential element (ParallelSum__GBM0:/\SumGen[0].s_count_reg[4] )
INFO: [Synth 8-3333] propagating constant 0 across sequential element (ParallelSum__GBM0:/\SumGen[0].s_count_reg[5] )
INFO: [Synth 8-3333] propagating constant 0 across sequential element (ParallelSum__GBM0:/\SumGen[0].s_count_reg[6] )
INFO: [Synth 8-3333] propagating constant 0 across sequential element (ParallelSum__GBM0:/\SumGen[0].s_count_reg[7] )
INFO: [Synth 8-3333] propagating constant 0 across sequential element (ParallelSum__GBM0:/\SumGen[0].s_count_reg[8] )
INFO: [Synth 8-3333] propagating constant 0 across sequential element (ParallelSum__GBM0:/\SumGen[0].s_count_reg[9] )
INFO: [Synth 8-3333] propagating constant 0 across sequential element (ParallelSum__GBM0:/\SumGen[0].s_count_reg[10] )
INFO: [Synth 8-3333] propagating constant 0 across sequential element (ParallelSum__GBM0:/\SumGen[0].s_count_reg[11] )
INFO: [Synth 8-3333] propagating constant 0 across sequential element (ParallelSum__GBM0:/\SumGen[0].s_count_reg[12] )
INFO: [Synth 8-3333] propagating constant 0 across sequential element (ParallelSum__GBM0:/\SumGen[0].s_count_reg[13] )
INFO: [Synth 8-3333] propagating constant 0 across sequential element (ParallelSum__GBM0:/\SumGen[0].s_count_reg[14] )
INFO: [Synth 8-3333] propagating constant 0 across sequential element (ParallelSum__GBM0:/\SumGen[0].s_count_reg[15] )
INFO: [Synth 8-3333] propagating constant 0 across sequential element (ParallelSum__GBM0:/\SumGen[0].s_count_reg[16] )
INFO: [Synth 8-3333] propagating constant 0 across sequential element (ParallelSum__GBM0:/\SumGen[0].s_count_reg[17] )
INFO: [Synth 8-3333] propagating constant 0 across sequential element (ParallelSum__GBM0:/\SumGen[0].s_count_reg[18] )
INFO: [Synth 8-3333] propagating constant 0 across sequential element (ParallelSum__GBM0:/\SumGen[0].s_count_reg[19] )
INFO: [Synth 8-3333] propagating constant 0 across sequential element (ParallelSum__GBM0:/\SumGen[0].s_count_reg[20] )
INFO: [Synth 8-3333] propagating constant 0 across sequential element (ParallelSum__GBM0:/\SumGen[0].s_count_reg[21] )
INFO: [Synth 8-3333] propagating constant 0 across sequential element (ParallelSum__GBM0:/\SumGen[0].s_count_reg[22] )
INFO: [Synth 8-3333] propagating constant 0 across sequential element (ParallelSum__GBM0:/\SumGen[0].s_count_reg[23] )
INFO: [Synth 8-3333] propagating constant 0 across sequential element (ParallelSum__GBM0:/\SumGen[0].s_count_reg[24] )
INFO: [Synth 8-3333] propagating constant 0 across sequential element (ParallelSum__GBM0:/\SumGen[0].s_count_reg[25] )
INFO: [Synth 8-3333] propagating constant 0 across sequential element (ParallelSum__GBM0:/\SumGen[0].s_count_reg[26] )
INFO: [Synth 8-3333] propagating constant 0 across sequential element (ParallelSum__GBM0:/\SumGen[0].s_count_reg[27] )
INFO: [Synth 8-3333] propagating constant 0 across sequential element (ParallelSum__GBM0:/\SumGen[0].s_count_reg[28] )
INFO: [Synth 8-3333] propagating constant 0 across sequential element (ParallelSum__GBM0:/\SumGen[0].s_count_reg[29] )
INFO: [Synth 8-3333] propagating constant 0 across sequential element (ParallelSum__GBM0:/\SumGen[0].s_count_reg[30] )
INFO: [Synth 8-3333] propagating constant 0 across sequential element (ParallelSum__GBM0:/\SumGen[0].s_count_reg[31] )
INFO: [Synth 8-3333] propagating constant 0 across sequential element (ParallelSum__GBM0:/\SumGen[0].hasFinished_reg )
INFO: [Synth 8-3333] propagating constant 0 across sequential element (ParallelSum__GBM0:/\SumGen[0].s_output_reg[0] )
INFO: [Synth 8-3333] propagating constant 0 across sequential element (ParallelSum__GBM0:/\SumGen[0].s_output_reg[1] )
INFO: [Synth 8-3333] propagating constant 0 across sequential element (ParallelSum__GBM0:/\SumGen[0].s_output_reg[2] )
INFO: [Synth 8-3333] propagating constant 0 across sequential element (ParallelSum__GBM0:/\SumGen[0].s_output_reg[3] )
INFO: [Synth 8-3333] propagating constant 0 across sequential element (ParallelSum__GBM0:/\SumGen[0].s_output_reg[4] )
INFO: [Synth 8-3333] propagating constant 0 across sequential element (ParallelSum__GBM0:/\SumGen[0].s_output_reg[5] )
INFO: [Synth 8-3333] propagating constant 0 across sequential element (ParallelSum__GBM0:/\SumGen[0].s_output_reg[6] )
INFO: [Synth 8-3333] propagating constant 0 across sequential element (ParallelSum__GBM0:/\SumGen[0].s_output_reg[7] )
INFO: [Synth 8-3333] propagating constant 0 across sequential element (ParallelSum__GBM0:/\SumGen[0].s_output_reg[8] )
INFO: [Synth 8-3333] propagating constant 0 across sequential element (ParallelSum__GBM0:/\SumGen[0].s_output_reg[9] )
INFO: [Synth 8-3333] propagating constant 0 across sequential element (ParallelSum__GBM0:/\SumGen[0].s_output_reg[10] )
INFO: [Synth 8-3333] propagating constant 0 across sequential element (ParallelSum__GBM0:/\SumGen[0].s_output_reg[11] )
INFO: [Synth 8-3333] propagating constant 0 across sequential element (ParallelSum__GBM0:/\SumGen[0].s_output_reg[12] )
INFO: [Synth 8-3333] propagating constant 0 across sequential element (ParallelSum__GBM0:/\SumGen[0].s_output_reg[13] )
INFO: [Synth 8-3333] propagating constant 0 across sequential element (ParallelSum__GBM0:/\SumGen[0].s_output_reg[14] )
INFO: [Synth 8-3333] propagating constant 0 across sequential element (ParallelSum__GBM0:/\SumGen[0].s_output_reg[15] )
INFO: [Synth 8-3333] propagating constant 0 across sequential element (ParallelSum__GBM0:/\SumGen[0].s_output_reg[16] )
INFO: [Synth 8-3333] propagating constant 0 across sequential element (ParallelSum__GBM0:/\SumGen[0].s_output_reg[17] )
INFO: [Synth 8-3333] propagating constant 0 across sequential element (ParallelSum__GBM0:/\SumGen[0].s_output_reg[18] )
INFO: [Synth 8-3333] propagating constant 0 across sequential element (ParallelSum__GBM0:/\SumGen[0].s_output_reg[19] )
INFO: [Synth 8-3333] propagating constant 0 across sequential element (ParallelSum__GBM0:/\SumGen[0].s_output_reg[20] )
INFO: [Synth 8-3333] propagating constant 0 across sequential element (ParallelSum__GBM0:/\SumGen[0].s_output_reg[21] )
INFO: [Synth 8-3333] propagating constant 0 across sequential element (ParallelSum__GBM0:/\SumGen[0].s_output_reg[22] )
INFO: [Synth 8-3333] propagating constant 0 across sequential element (ParallelSum__GBM0:/\SumGen[0].s_output_reg[23] )
INFO: [Synth 8-3333] propagating constant 0 across sequential element (ParallelSum__GBM0:/\SumGen[0].s_output_reg[24] )
INFO: [Synth 8-3333] propagating constant 0 across sequential element (ParallelSum__GBM0:/\SumGen[0].s_output_reg[25] )
INFO: [Synth 8-3333] propagating constant 0 across sequential element (ParallelSum__GBM0:/\SumGen[0].s_output_reg[26] )
INFO: [Synth 8-3333] propagating constant 0 across sequential element (ParallelSum__GBM0:/\SumGen[0].s_output_reg[27] )
INFO: [Synth 8-3333] propagating constant 0 across sequential element (ParallelSum__GBM0:/\SumGen[0].s_output_reg[28] )
INFO: [Synth 8-3333] propagating constant 0 across sequential element (ParallelSum__GBM0:/\SumGen[0].s_output_reg[29] )
INFO: [Synth 8-3333] propagating constant 0 across sequential element (ParallelSum__GBM0:/\SumGen[0].s_output_reg[30] )
INFO: [Synth 8-3333] propagating constant 0 across sequential element (ParallelSum__GBM0:/\SumGen[0].s_output_reg[31] )
INFO: [Synth 8-3333] propagating constant 0 across sequential element (ParallelSum__GBM0:/\SumGen[1].s_count_reg[0] )
INFO: [Synth 8-3333] propagating constant 0 across sequential element (ParallelSum__GBM0:/\SumGen[1].s_count_reg[1] )
INFO: [Synth 8-3333] propagating constant 0 across sequential element (ParallelSum__GBM0:/\SumGen[1].s_count_reg[2] )
INFO: [Synth 8-3333] propagating constant 0 across sequential element (ParallelSum__GBM0:/\SumGen[1].s_count_reg[3] )
INFO: [Synth 8-3333] propagating constant 0 across sequential element (ParallelSum__GBM0:/\SumGen[1].s_count_reg[4] )
INFO: [Synth 8-3333] propagating constant 0 across sequential element (ParallelSum__GBM0:/\SumGen[1].s_count_reg[5] )
INFO: [Synth 8-3333] propagating constant 0 across sequential element (ParallelSum__GBM0:/\SumGen[1].s_count_reg[6] )
INFO: [Synth 8-3333] propagating constant 0 across sequential element (ParallelSum__GBM0:/\SumGen[1].s_count_reg[7] )
INFO: [Synth 8-3333] propagating constant 0 across sequential element (ParallelSum__GBM0:/\SumGen[1].s_count_reg[8] )
INFO: [Synth 8-3333] propagating constant 0 across sequential element (ParallelSum__GBM0:/\SumGen[1].s_count_reg[9] )
INFO: [Synth 8-3333] propagating constant 0 across sequential element (ParallelSum__GBM0:/\SumGen[1].s_count_reg[10] )
INFO: [Synth 8-3333] propagating constant 0 across sequential element (ParallelSum__GBM0:/\SumGen[1].s_count_reg[11] )
INFO: [Synth 8-3333] propagating constant 0 across sequential element (ParallelSum__GBM0:/\SumGen[1].s_count_reg[12] )
INFO: [Synth 8-3333] propagating constant 0 across sequential element (ParallelSum__GBM0:/\SumGen[1].s_count_reg[13] )
INFO: [Synth 8-3333] propagating constant 0 across sequential element (ParallelSum__GBM0:/\SumGen[1].s_count_reg[14] )
INFO: [Synth 8-3333] propagating constant 0 across sequential element (ParallelSum__GBM0:/\SumGen[1].s_count_reg[15] )
INFO: [Synth 8-3333] propagating constant 0 across sequential element (ParallelSum__GBM0:/\SumGen[1].s_count_reg[16] )
INFO: [Synth 8-3333] propagating constant 0 across sequential element (ParallelSum__GBM0:/\SumGen[1].s_count_reg[17] )
INFO: [Synth 8-3333] propagating constant 0 across sequential element (ParallelSum__GBM0:/\SumGen[1].s_count_reg[18] )
INFO: [Synth 8-3333] propagating constant 0 across sequential element (ParallelSum__GBM0:/\SumGen[1].s_count_reg[19] )
INFO: [Synth 8-3333] propagating constant 0 across sequential element (ParallelSum__GBM0:/\SumGen[1].s_count_reg[20] )
INFO: [Synth 8-3333] propagating constant 0 across sequential element (ParallelSum__GBM0:/\SumGen[1].s_count_reg[21] )
INFO: [Synth 8-3333] propagating constant 0 across sequential element (ParallelSum__GBM0:/\SumGen[1].s_count_reg[22] )
INFO: [Synth 8-3333] propagating constant 0 across sequential element (ParallelSum__GBM0:/\SumGen[1].s_count_reg[23] )
INFO: [Synth 8-3333] propagating constant 0 across sequential element (ParallelSum__GBM0:/\SumGen[1].s_count_reg[24] )
INFO: [Synth 8-3333] propagating constant 0 across sequential element (ParallelSum__GBM0:/\SumGen[1].s_count_reg[25] )
INFO: [Synth 8-3333] propagating constant 0 across sequential element (ParallelSum__GBM0:/\SumGen[1].s_count_reg[26] )
INFO: [Synth 8-3333] propagating constant 0 across sequential element (ParallelSum__GBM0:/\SumGen[1].s_count_reg[27] )
INFO: [Synth 8-3333] propagating constant 0 across sequential element (ParallelSum__GBM0:/\SumGen[1].s_count_reg[28] )
INFO: [Synth 8-3333] propagating constant 0 across sequential element (ParallelSum__GBM0:/\SumGen[1].s_count_reg[29] )
INFO: [Synth 8-3333] propagating constant 0 across sequential element (ParallelSum__GBM0:/\SumGen[1].s_count_reg[30] )
INFO: [Synth 8-3333] propagating constant 0 across sequential element (ParallelSum__GBM0:/\SumGen[1].s_count_reg[31] )
INFO: [Synth 8-3333] propagating constant 0 across sequential element (ParallelSum__GBM0:/\SumGen[1].s_output_reg[0] )
INFO: [Synth 8-3333] propagating constant 0 across sequential element (ParallelSum__GBM0:/\SumGen[1].s_output_reg[1] )
INFO: [Common 17-14] Message 'Synth 8-3333' appears 100 times and further instances of the messages will be disabled. Use the Tcl command set_msg_config to change the current settings.
WARNING: [Synth 8-3332] Sequential element (s_point_features_reg[1023]) is unused and will be removed from module StreamCopIPCore_v1_0_S00_AXIS.
WARNING: [Synth 8-3332] Sequential element (s_point_features_reg[1022]) is unused and will be removed from module StreamCopIPCore_v1_0_S00_AXIS.
WARNING: [Synth 8-3332] Sequential element (s_point_features_reg[1021]) is unused and will be removed from module StreamCopIPCore_v1_0_S00_AXIS.
WARNING: [Synth 8-3332] Sequential element (s_point_features_reg[1020]) is unused and will be removed from module StreamCopIPCore_v1_0_S00_AXIS.
WARNING: [Synth 8-3332] Sequential element (s_point_features_reg[1019]) is unused and will be removed from module StreamCopIPCore_v1_0_S00_AXIS.
WARNING: [Synth 8-3332] Sequential element (s_point_features_reg[1018]) is unused and will be removed from module StreamCopIPCore_v1_0_S00_AXIS.
WARNING: [Synth 8-3332] Sequential element (s_point_features_reg[1017]) is unused and will be removed from module StreamCopIPCore_v1_0_S00_AXIS.
WARNING: [Synth 8-3332] Sequential element (s_point_features_reg[1016]) is unused and will be removed from module StreamCopIPCore_v1_0_S00_AXIS.
WARNING: [Synth 8-3332] Sequential element (s_point_features_reg[1015]) is unused and will be removed from module StreamCopIPCore_v1_0_S00_AXIS.
WARNING: [Synth 8-3332] Sequential element (s_point_features_reg[1014]) is unused and will be removed from module StreamCopIPCore_v1_0_S00_AXIS.
WARNING: [Synth 8-3332] Sequential element (s_point_features_reg[1013]) is unused and will be removed from module StreamCopIPCore_v1_0_S00_AXIS.
WARNING: [Synth 8-3332] Sequential element (s_point_features_reg[1012]) is unused and will be removed from module StreamCopIPCore_v1_0_S00_AXIS.
WARNING: [Synth 8-3332] Sequential element (s_point_features_reg[1011]) is unused and will be removed from module StreamCopIPCore_v1_0_S00_AXIS.
WARNING: [Synth 8-3332] Sequential element (s_point_features_reg[1010]) is unused and will be removed from module StreamCopIPCore_v1_0_S00_AXIS.
WARNING: [Synth 8-3332] Sequential element (s_point_features_reg[1009]) is unused and will be removed from module StreamCopIPCore_v1_0_S00_AXIS.
WARNING: [Synth 8-3332] Sequential element (s_point_features_reg[1008]) is unused and will be removed from module StreamCopIPCore_v1_0_S00_AXIS.
WARNING: [Synth 8-3332] Sequential element (s_point_features_reg[1007]) is unused and will be removed from module StreamCopIPCore_v1_0_S00_AXIS.
WARNING: [Synth 8-3332] Sequential element (s_point_features_reg[1006]) is unused and will be removed from module StreamCopIPCore_v1_0_S00_AXIS.
WARNING: [Synth 8-3332] Sequential element (s_point_features_reg[1005]) is unused and will be removed from module StreamCopIPCore_v1_0_S00_AXIS.
WARNING: [Synth 8-3332] Sequential element (s_point_features_reg[1004]) is unused and will be removed from module StreamCopIPCore_v1_0_S00_AXIS.
WARNING: [Synth 8-3332] Sequential element (s_point_features_reg[1003]) is unused and will be removed from module StreamCopIPCore_v1_0_S00_AXIS.
WARNING: [Synth 8-3332] Sequential element (s_point_features_reg[1002]) is unused and will be removed from module StreamCopIPCore_v1_0_S00_AXIS.
WARNING: [Synth 8-3332] Sequential element (s_point_features_reg[1001]) is unused and will be removed from module StreamCopIPCore_v1_0_S00_AXIS.
WARNING: [Synth 8-3332] Sequential element (s_point_features_reg[1000]) is unused and will be removed from module StreamCopIPCore_v1_0_S00_AXIS.
WARNING: [Synth 8-3332] Sequential element (s_point_features_reg[999]) is unused and will be removed from module StreamCopIPCore_v1_0_S00_AXIS.
WARNING: [Synth 8-3332] Sequential element (s_point_features_reg[998]) is unused and will be removed from module StreamCopIPCore_v1_0_S00_AXIS.
WARNING: [Synth 8-3332] Sequential element (s_point_features_reg[997]) is unused and will be removed from module StreamCopIPCore_v1_0_S00_AXIS.
WARNING: [Synth 8-3332] Sequential element (s_point_features_reg[996]) is unused and will be removed from module StreamCopIPCore_v1_0_S00_AXIS.
WARNING: [Synth 8-3332] Sequential element (s_point_features_reg[995]) is unused and will be removed from module StreamCopIPCore_v1_0_S00_AXIS.
WARNING: [Synth 8-3332] Sequential element (s_point_features_reg[994]) is unused and will be removed from module StreamCopIPCore_v1_0_S00_AXIS.
WARNING: [Synth 8-3332] Sequential element (s_point_features_reg[993]) is unused and will be removed from module StreamCopIPCore_v1_0_S00_AXIS.
WARNING: [Synth 8-3332] Sequential element (s_point_features_reg[992]) is unused and will be removed from module StreamCopIPCore_v1_0_S00_AXIS.
WARNING: [Synth 8-3332] Sequential element (s_point_features_reg[991]) is unused and will be removed from module StreamCopIPCore_v1_0_S00_AXIS.
WARNING: [Synth 8-3332] Sequential element (s_point_features_reg[990]) is unused and will be removed from module StreamCopIPCore_v1_0_S00_AXIS.
WARNING: [Synth 8-3332] Sequential element (s_point_features_reg[989]) is unused and will be removed from module StreamCopIPCore_v1_0_S00_AXIS.
WARNING: [Synth 8-3332] Sequential element (s_point_features_reg[988]) is unused and will be removed from module StreamCopIPCore_v1_0_S00_AXIS.
WARNING: [Synth 8-3332] Sequential element (s_point_features_reg[987]) is unused and will be removed from module StreamCopIPCore_v1_0_S00_AXIS.
WARNING: [Synth 8-3332] Sequential element (s_point_features_reg[986]) is unused and will be removed from module StreamCopIPCore_v1_0_S00_AXIS.
WARNING: [Synth 8-3332] Sequential element (s_point_features_reg[985]) is unused and will be removed from module StreamCopIPCore_v1_0_S00_AXIS.
WARNING: [Synth 8-3332] Sequential element (s_point_features_reg[984]) is unused and will be removed from module StreamCopIPCore_v1_0_S00_AXIS.
WARNING: [Synth 8-3332] Sequential element (s_point_features_reg[983]) is unused and will be removed from module StreamCopIPCore_v1_0_S00_AXIS.
WARNING: [Synth 8-3332] Sequential element (s_point_features_reg[982]) is unused and will be removed from module StreamCopIPCore_v1_0_S00_AXIS.
WARNING: [Synth 8-3332] Sequential element (s_point_features_reg[981]) is unused and will be removed from module StreamCopIPCore_v1_0_S00_AXIS.
WARNING: [Synth 8-3332] Sequential element (s_point_features_reg[980]) is unused and will be removed from module StreamCopIPCore_v1_0_S00_AXIS.
WARNING: [Synth 8-3332] Sequential element (s_point_features_reg[979]) is unused and will be removed from module StreamCopIPCore_v1_0_S00_AXIS.
WARNING: [Synth 8-3332] Sequential element (s_point_features_reg[978]) is unused and will be removed from module StreamCopIPCore_v1_0_S00_AXIS.
WARNING: [Synth 8-3332] Sequential element (s_point_features_reg[977]) is unused and will be removed from module StreamCopIPCore_v1_0_S00_AXIS.
WARNING: [Synth 8-3332] Sequential element (s_point_features_reg[976]) is unused and will be removed from module StreamCopIPCore_v1_0_S00_AXIS.
WARNING: [Synth 8-3332] Sequential element (s_point_features_reg[975]) is unused and will be removed from module StreamCopIPCore_v1_0_S00_AXIS.
WARNING: [Synth 8-3332] Sequential element (s_point_features_reg[974]) is unused and will be removed from module StreamCopIPCore_v1_0_S00_AXIS.
WARNING: [Synth 8-3332] Sequential element (s_point_features_reg[973]) is unused and will be removed from module StreamCopIPCore_v1_0_S00_AXIS.
WARNING: [Synth 8-3332] Sequential element (s_point_features_reg[972]) is unused and will be removed from module StreamCopIPCore_v1_0_S00_AXIS.
WARNING: [Synth 8-3332] Sequential element (s_point_features_reg[971]) is unused and will be removed from module StreamCopIPCore_v1_0_S00_AXIS.
WARNING: [Synth 8-3332] Sequential element (s_point_features_reg[970]) is unused and will be removed from module StreamCopIPCore_v1_0_S00_AXIS.
WARNING: [Synth 8-3332] Sequential element (s_point_features_reg[969]) is unused and will be removed from module StreamCopIPCore_v1_0_S00_AXIS.
WARNING: [Synth 8-3332] Sequential element (s_point_features_reg[968]) is unused and will be removed from module StreamCopIPCore_v1_0_S00_AXIS.
WARNING: [Synth 8-3332] Sequential element (s_point_features_reg[967]) is unused and will be removed from module StreamCopIPCore_v1_0_S00_AXIS.
WARNING: [Synth 8-3332] Sequential element (s_point_features_reg[966]) is unused and will be removed from module StreamCopIPCore_v1_0_S00_AXIS.
WARNING: [Synth 8-3332] Sequential element (s_point_features_reg[965]) is unused and will be removed from module StreamCopIPCore_v1_0_S00_AXIS.
WARNING: [Synth 8-3332] Sequential element (s_point_features_reg[964]) is unused and will be removed from module StreamCopIPCore_v1_0_S00_AXIS.
WARNING: [Synth 8-3332] Sequential element (s_point_features_reg[963]) is unused and will be removed from module StreamCopIPCore_v1_0_S00_AXIS.
WARNING: [Synth 8-3332] Sequential element (s_point_features_reg[962]) is unused and will be removed from module StreamCopIPCore_v1_0_S00_AXIS.
WARNING: [Synth 8-3332] Sequential element (s_point_features_reg[961]) is unused and will be removed from module StreamCopIPCore_v1_0_S00_AXIS.
WARNING: [Synth 8-3332] Sequential element (s_point_features_reg[960]) is unused and will be removed from module StreamCopIPCore_v1_0_S00_AXIS.
WARNING: [Synth 8-3332] Sequential element (s_point_features_reg[959]) is unused and will be removed from module StreamCopIPCore_v1_0_S00_AXIS.
WARNING: [Synth 8-3332] Sequential element (s_point_features_reg[958]) is unused and will be removed from module StreamCopIPCore_v1_0_S00_AXIS.
WARNING: [Synth 8-3332] Sequential element (s_point_features_reg[957]) is unused and will be removed from module StreamCopIPCore_v1_0_S00_AXIS.
WARNING: [Synth 8-3332] Sequential element (s_point_features_reg[956]) is unused and will be removed from module StreamCopIPCore_v1_0_S00_AXIS.
WARNING: [Synth 8-3332] Sequential element (s_point_features_reg[955]) is unused and will be removed from module StreamCopIPCore_v1_0_S00_AXIS.
WARNING: [Synth 8-3332] Sequential element (s_point_features_reg[954]) is unused and will be removed from module StreamCopIPCore_v1_0_S00_AXIS.
WARNING: [Synth 8-3332] Sequential element (s_point_features_reg[953]) is unused and will be removed from module StreamCopIPCore_v1_0_S00_AXIS.
WARNING: [Synth 8-3332] Sequential element (s_point_features_reg[952]) is unused and will be removed from module StreamCopIPCore_v1_0_S00_AXIS.
WARNING: [Synth 8-3332] Sequential element (s_point_features_reg[951]) is unused and will be removed from module StreamCopIPCore_v1_0_S00_AXIS.
WARNING: [Synth 8-3332] Sequential element (s_point_features_reg[950]) is unused and will be removed from module StreamCopIPCore_v1_0_S00_AXIS.
WARNING: [Synth 8-3332] Sequential element (s_point_features_reg[949]) is unused and will be removed from module StreamCopIPCore_v1_0_S00_AXIS.
WARNING: [Synth 8-3332] Sequential element (s_point_features_reg[948]) is unused and will be removed from module StreamCopIPCore_v1_0_S00_AXIS.
WARNING: [Synth 8-3332] Sequential element (s_point_features_reg[947]) is unused and will be removed from module StreamCopIPCore_v1_0_S00_AXIS.
WARNING: [Synth 8-3332] Sequential element (s_point_features_reg[946]) is unused and will be removed from module StreamCopIPCore_v1_0_S00_AXIS.
WARNING: [Synth 8-3332] Sequential element (s_point_features_reg[945]) is unused and will be removed from module StreamCopIPCore_v1_0_S00_AXIS.
WARNING: [Synth 8-3332] Sequential element (s_point_features_reg[944]) is unused and will be removed from module StreamCopIPCore_v1_0_S00_AXIS.
WARNING: [Synth 8-3332] Sequential element (s_point_features_reg[943]) is unused and will be removed from module StreamCopIPCore_v1_0_S00_AXIS.
WARNING: [Synth 8-3332] Sequential element (s_point_features_reg[942]) is unused and will be removed from module StreamCopIPCore_v1_0_S00_AXIS.
WARNING: [Synth 8-3332] Sequential element (s_point_features_reg[941]) is unused and will be removed from module StreamCopIPCore_v1_0_S00_AXIS.
WARNING: [Synth 8-3332] Sequential element (s_point_features_reg[940]) is unused and will be removed from module StreamCopIPCore_v1_0_S00_AXIS.
WARNING: [Synth 8-3332] Sequential element (s_point_features_reg[939]) is unused and will be removed from module StreamCopIPCore_v1_0_S00_AXIS.
WARNING: [Synth 8-3332] Sequential element (s_point_features_reg[938]) is unused and will be removed from module StreamCopIPCore_v1_0_S00_AXIS.
WARNING: [Synth 8-3332] Sequential element (s_point_features_reg[937]) is unused and will be removed from module StreamCopIPCore_v1_0_S00_AXIS.
WARNING: [Synth 8-3332] Sequential element (s_point_features_reg[936]) is unused and will be removed from module StreamCopIPCore_v1_0_S00_AXIS.
WARNING: [Synth 8-3332] Sequential element (s_point_features_reg[935]) is unused and will be removed from module StreamCopIPCore_v1_0_S00_AXIS.
WARNING: [Synth 8-3332] Sequential element (s_point_features_reg[934]) is unused and will be removed from module StreamCopIPCore_v1_0_S00_AXIS.
WARNING: [Synth 8-3332] Sequential element (s_point_features_reg[933]) is unused and will be removed from module StreamCopIPCore_v1_0_S00_AXIS.
WARNING: [Synth 8-3332] Sequential element (s_point_features_reg[932]) is unused and will be removed from module StreamCopIPCore_v1_0_S00_AXIS.
WARNING: [Synth 8-3332] Sequential element (s_point_features_reg[931]) is unused and will be removed from module StreamCopIPCore_v1_0_S00_AXIS.
WARNING: [Synth 8-3332] Sequential element (s_point_features_reg[930]) is unused and will be removed from module StreamCopIPCore_v1_0_S00_AXIS.
WARNING: [Synth 8-3332] Sequential element (s_point_features_reg[929]) is unused and will be removed from module StreamCopIPCore_v1_0_S00_AXIS.
WARNING: [Synth 8-3332] Sequential element (s_point_features_reg[928]) is unused and will be removed from module StreamCopIPCore_v1_0_S00_AXIS.
WARNING: [Synth 8-3332] Sequential element (s_point_features_reg[927]) is unused and will be removed from module StreamCopIPCore_v1_0_S00_AXIS.
WARNING: [Synth 8-3332] Sequential element (s_point_features_reg[926]) is unused and will be removed from module StreamCopIPCore_v1_0_S00_AXIS.
WARNING: [Synth 8-3332] Sequential element (s_point_features_reg[925]) is unused and will be removed from module StreamCopIPCore_v1_0_S00_AXIS.
INFO: [Common 17-14] Message 'Synth 8-3332' appears 100 times and further instances of the messages will be disabled. Use the Tcl command set_msg_config to change the current settings.
---------------------------------------------------------------------------------
Finished Cross Boundary and Area Optimization : Time (s): cpu = 00:01:08 ; elapsed = 00:01:03 . Memory (MB): peak = 1594.816 ; gain = 396.422 ; free physical = 816 ; free virtual = 10592
---------------------------------------------------------------------------------

Report RTL Partitions: 
+------+--------------------------+------------+----------+
|      |RTL Partition             |Replication |Instances |
+------+--------------------------+------------+----------+
|1     |StreamCopIPCore_v1_0__GC0 |           1|       401|
+------+--------------------------+------------+----------+
No constraint files found.
---------------------------------------------------------------------------------
Start Timing Optimization
---------------------------------------------------------------------------------
---------------------------------------------------------------------------------
Finished Timing Optimization : Time (s): cpu = 00:01:08 ; elapsed = 00:01:04 . Memory (MB): peak = 1594.816 ; gain = 396.422 ; free physical = 816 ; free virtual = 10592
---------------------------------------------------------------------------------

Report RTL Partitions: 
+------+--------------------------+------------+----------+
|      |RTL Partition             |Replication |Instances |
+------+--------------------------+------------+----------+
|1     |StreamCopIPCore_v1_0__GC0 |           1|       401|
+------+--------------------------+------------+----------+
---------------------------------------------------------------------------------
Start Technology Mapping
---------------------------------------------------------------------------------
---------------------------------------------------------------------------------
Finished Technology Mapping : Time (s): cpu = 00:01:08 ; elapsed = 00:01:04 . Memory (MB): peak = 1594.816 ; gain = 396.422 ; free physical = 842 ; free virtual = 10618
---------------------------------------------------------------------------------

Report RTL Partitions: 
+-+--------------+------------+----------+
| |RTL Partition |Replication |Instances |
+-+--------------+------------+----------+
+-+--------------+------------+----------+
---------------------------------------------------------------------------------
Start IO Insertion
---------------------------------------------------------------------------------
---------------------------------------------------------------------------------
Start Flattening Before IO Insertion
---------------------------------------------------------------------------------
---------------------------------------------------------------------------------
Finished Flattening Before IO Insertion
---------------------------------------------------------------------------------
---------------------------------------------------------------------------------
Start Final Netlist Cleanup
---------------------------------------------------------------------------------
---------------------------------------------------------------------------------
Finished Final Netlist Cleanup
---------------------------------------------------------------------------------
---------------------------------------------------------------------------------
Finished IO Insertion : Time (s): cpu = 00:01:09 ; elapsed = 00:01:05 . Memory (MB): peak = 1594.816 ; gain = 396.422 ; free physical = 843 ; free virtual = 10619
---------------------------------------------------------------------------------

Report Check Netlist: 
+------+------------------+-------+---------+-------+------------------+
|      |Item              |Errors |Warnings |Status |Description       |
+------+------------------+-------+---------+-------+------------------+
|1     |multi_driven_nets |      0|        0|Passed |Multi driven nets |
+------+------------------+-------+---------+-------+------------------+
---------------------------------------------------------------------------------
Start Renaming Generated Instances
---------------------------------------------------------------------------------
---------------------------------------------------------------------------------
Finished Renaming Generated Instances : Time (s): cpu = 00:01:09 ; elapsed = 00:01:05 . Memory (MB): peak = 1594.816 ; gain = 396.422 ; free physical = 843 ; free virtual = 10619
---------------------------------------------------------------------------------

Report RTL Partitions: 
+-+--------------+------------+----------+
| |RTL Partition |Replication |Instances |
+-+--------------+------------+----------+
+-+--------------+------------+----------+
---------------------------------------------------------------------------------
Start Rebuilding User Hierarchy
---------------------------------------------------------------------------------
---------------------------------------------------------------------------------
Finished Rebuilding User Hierarchy : Time (s): cpu = 00:01:09 ; elapsed = 00:01:05 . Memory (MB): peak = 1594.816 ; gain = 396.422 ; free physical = 843 ; free virtual = 10619
---------------------------------------------------------------------------------
---------------------------------------------------------------------------------
Start Renaming Generated Ports
---------------------------------------------------------------------------------
---------------------------------------------------------------------------------
Finished Renaming Generated Ports : Time (s): cpu = 00:01:09 ; elapsed = 00:01:05 . Memory (MB): peak = 1594.816 ; gain = 396.422 ; free physical = 843 ; free virtual = 10619
---------------------------------------------------------------------------------
---------------------------------------------------------------------------------
Start Handling Custom Attributes
---------------------------------------------------------------------------------
---------------------------------------------------------------------------------
Finished Handling Custom Attributes : Time (s): cpu = 00:01:09 ; elapsed = 00:01:05 . Memory (MB): peak = 1594.816 ; gain = 396.422 ; free physical = 843 ; free virtual = 10619
---------------------------------------------------------------------------------
---------------------------------------------------------------------------------
Start Renaming Generated Nets
---------------------------------------------------------------------------------
---------------------------------------------------------------------------------
Finished Renaming Generated Nets : Time (s): cpu = 00:01:09 ; elapsed = 00:01:05 . Memory (MB): peak = 1594.816 ; gain = 396.422 ; free physical = 843 ; free virtual = 10619
---------------------------------------------------------------------------------
---------------------------------------------------------------------------------
Start Writing Synthesis Report
---------------------------------------------------------------------------------

Report BlackBoxes: 
+-+--------------+----------+
| |BlackBox name |Instances |
+-+--------------+----------+
+-+--------------+----------+

Report Cell Usage: 
+------+-----+------+
|      |Cell |Count |
+------+-----+------+
|1     |OBUF |    39|
+------+-----+------+

Report Instance Areas: 
+------+---------+-------+------+
|      |Instance |Module |Cells |
+------+---------+-------+------+
|1     |top      |       |    39|
+------+---------+-------+------+
---------------------------------------------------------------------------------
Finished Writing Synthesis Report : Time (s): cpu = 00:01:09 ; elapsed = 00:01:05 . Memory (MB): peak = 1594.816 ; gain = 396.422 ; free physical = 843 ; free virtual = 10619
---------------------------------------------------------------------------------
Synthesis finished with 0 errors, 0 critical warnings and 1409 warnings.
Synthesis Optimization Runtime : Time (s): cpu = 00:01:09 ; elapsed = 00:01:05 . Memory (MB): peak = 1594.816 ; gain = 396.422 ; free physical = 845 ; free virtual = 10621
Synthesis Optimization Complete : Time (s): cpu = 00:01:09 ; elapsed = 00:01:05 . Memory (MB): peak = 1594.824 ; gain = 396.422 ; free physical = 845 ; free virtual = 10621
INFO: [Project 1-571] Translating synthesized netlist
INFO: [Project 1-570] Preparing netlist for logic optimization
INFO: [Opt 31-138] Pushed 0 inverter(s) to 0 load pin(s).
INFO: [Project 1-111] Unisim Transformation Summary:
No Unisim elements were transformed.

INFO: [Common 17-83] Releasing license: Synthesis
199 Infos, 112 Warnings, 0 Critical Warnings and 0 Errors encountered.
synth_design completed successfully
synth_design: Time (s): cpu = 00:01:12 ; elapsed = 00:01:47 . Memory (MB): peak = 1601.074 ; gain = 416.055 ; free physical = 602 ; free virtual = 10408
INFO: [Common 17-1381] The checkpoint '/home/david/Documents/CR-Project/ip_repo/edit_ComputeNewCentroids_v1_0.runs/synth_1/StreamCopIPCore_v1_0.dcp' has been generated.
INFO: [runtcl-4] Executing : report_utilization -file StreamCopIPCore_v1_0_utilization_synth.rpt -pb StreamCopIPCore_v1_0_utilization_synth.pb
report_utilization: Time (s): cpu = 00:00:00.07 ; elapsed = 00:00:00.10 . Memory (MB): peak = 1624.973 ; gain = 0.000 ; free physical = 603 ; free virtual = 10409
INFO: [Common 17-206] Exiting Vivado at Sun Jun  3 18:56:14 2018...
